Arguments: 
  C:\Program Files\nodejs\node.exe C:\Users\lkrra\AppData\Local\node\corepack\yarn\1.22.19\bin\yarn.js add nanoid

PATH: 
  C:\Program Files\NVIDIA GPU Computing Toolkit\CUDA\v11.0\bin;C:\Program Files\NVIDIA GPU Computing Toolkit\CUDA\v11.0\libnvvp;C:\Windows\system32;C:\Windows;C:\Windows\System32\Wbem;C:\Windows\System32\WindowsPowerShell\v1.0\;C:\Windows\System32\OpenSSH\;C:\Program Files (x86)\NVIDIA Corporation\PhysX\Common;C:\Program Files\NVIDIA Corporation\NVIDIA NvDLISR;C:\Program Files\NVIDIA Corporation\Nsight Compute 2020.1.2\;C:\Program Files\dotnet\;C:\Users\lkrra\.jdks\adopt-openjdk-14.0.2\bin;C:\MinGW\msys\1.0\bin;C:\WINDOWS\system32;C:\WINDOWS;C:\WINDOWS\System32\Wbem;C:\WINDOWS\System32\WindowsPowerShell\v1.0\;C:\WINDOWS\System32\OpenSSH\;D:\Programming\electron\videoinfo\ffmpeg-2022-04-25-git-f2724d2b69-essentials_build\bin;C:\Program Files\Docker\Docker\resources\bin;C:\Program Files\Git\cmd;C:\ProgramData\chocolatey\bin;C:\Program Files\nodejs\;D:\Roaming\npm;C:\Program Files\Go\bin;C:\Users\lkrra\AppData\Local\Programs\Python\Python310\Scripts\;C:\Users\lkrra\AppData\Local\Programs\Python\Python310\;D:\Microsoft VS Code\bin;D:\Programming\electron\videoinfo\ffmpeg-2022-04-25-git-f2724d2b69-essentials_build\bin;D:\Programming\JavaScript\Tutorials\microservices;D:\Roaming\npm;C:\Users\lkrra\go\bin

Yarn version: 
  1.22.19

Node version: 
  21.0.0

Platform: 
  win32 x64

Trace: 
  Error: EPERM: operation not permitted, unlink 'D:\Programming\JavaScript\Apps\ui-components\svelte-components\node_modules\@rollup\rollup-win32-x64-msvc\rollup.win32-x64-msvc.node'

npm manifest: 
  {
    "name": "svelte-components",
    "version": "0.0.1",
    "scripts": {
      "dev": "vite dev",
      "build": "vite build && npm run package",
      "preview": "vite preview",
      "package": "svelte-kit sync && svelte-package && publint",
      "prepublishOnly": "npm run package",
      "check": "svelte-kit sync && svelte-check --tsconfig ./tsconfig.json",
      "check:watch": "svelte-kit sync && svelte-check --tsconfig ./tsconfig.json --watch",
      "lint": "prettier --check . && eslint .",
      "format": "prettier --write ."
    },
    "exports": {
      ".": {
        "types": "./dist/index.d.ts",
        "svelte": "./dist/index.js"
      }
    },
    "files": [
      "dist",
      "!dist/**/*.test.*",
      "!dist/**/*.spec.*"
    ],
    "peerDependencies": {
      "svelte": "^4.0.0"
    },
    "devDependencies": {
      "@sveltejs/adapter-auto": "^3.0.0",
      "@sveltejs/kit": "^2.0.0",
      "@sveltejs/package": "^2.0.0",
      "@sveltejs/vite-plugin-svelte": "^3.0.0",
      "@types/eslint": "^8.56.0",
      "@typescript-eslint/eslint-plugin": "^7.0.0",
      "@typescript-eslint/parser": "^7.0.0",
      "autoprefixer": "^10.4.19",
      "eslint": "^8.56.0",
      "eslint-config-prettier": "^9.1.0",
      "eslint-plugin-svelte": "^2.35.1",
      "postcss": "^8.4.38",
      "prettier": "^3.1.1",
      "prettier-plugin-svelte": "^3.1.2",
      "publint": "^0.1.9",
      "svelte": "^4.2.7",
      "svelte-check": "^3.6.0",
      "tailwindcss": "^3.4.3",
      "tslib": "^2.4.1",
      "typescript": "^5.0.0",
      "vite": "^5.0.11"
    },
    "svelte": "./dist/index.js",
    "types": "./dist/index.d.ts",
    "type": "module",
    "dependencies": {
      "bits-ui": "^0.21.5",
      "clsx": "^2.1.1",
      "lucide-svelte": "^0.376.1",
      "tailwind-merge": "^2.3.0",
      "tailwind-variants": "^0.2.1"
    }
  }

yarn manifest: 
  No manifest

Lockfile: 
  No lockfile
